<?xml version="1.0" encoding="UTF-8"?>
<!-- Generated by org.testng.reporters.JUnitReportReporter -->
<testsuite skipped="0" hostname="Lenovo" name="org.utility.FllipkartTask" tests="1" failures="0" timestamp="08 Nov 2022 01:05:51 GMT" time="71.425" errors="0">
  <testcase name="flipkartProducts" time="71.425" classname="org.utility.FllipkartTask"/>
</testsuite> <!-- org.utility.FllipkartTask -->
